12:21:20 INFO  : Launching XSDB server: xsdb.bat -interactive C:\Users\su3003sv-s\EDI610_project_workspace\temp_xsdb_launch_script.tcl
12:21:25 INFO  : XSDB server has started successfully.
12:21:41 INFO  : Processor reset is completed for microblaze_0
12:21:54 INFO  : Connected to target on host '127.0.0.1' and port '3121'.
12:21:54 INFO  : 'targets -set -filter {jtag_cable_name =~ "Digilent Nexys4 210274592019A" && level==0} -index 0' command is executed.
12:21:57 INFO  : FPGA configured successfully with bitstream "C:/Users/su3003sv-s/EDI610_project_workspace/mcu_wrapper_hw_platform_0/download.bit"
12:22:01 INFO  : microblaze_0 Processor is in use. Please stop existing Run or Debug sessions before launching.
12:22:02 INFO  : Processor reset is completed for microblaze_0
12:26:20 INFO  : microblaze_0 Processor is in use. Please stop existing Run or Debug sessions before launching.
12:26:21 INFO  : Processor reset is completed for microblaze_0
12:27:11 INFO  : microblaze_0 Processor is in use. Please stop existing Run or Debug sessions before launching.
12:27:12 INFO  : Processor reset is completed for microblaze_0
12:28:13 INFO  : microblaze_0 Processor is in use. Please stop existing Run or Debug sessions before launching.
12:28:14 INFO  : Processor reset is completed for microblaze_0
12:34:41 INFO  : microblaze_0 Processor is in use. Please stop existing Run or Debug sessions before launching.
12:34:43 INFO  : Processor reset is completed for microblaze_0
12:35:39 INFO  : microblaze_0 Processor is in use. Please stop existing Run or Debug sessions before launching.
12:35:40 INFO  : Processor reset is completed for microblaze_0
12:37:55 INFO  : microblaze_0 Processor is in use. Please stop existing Run or Debug sessions before launching.
12:37:57 INFO  : Processor reset is completed for microblaze_0
12:42:01 INFO  : microblaze_0 Processor is in use. Please stop existing Run or Debug sessions before launching.
12:42:01 INFO  : Processor reset is completed for microblaze_0
12:45:57 INFO  : microblaze_0 Processor is in use. Please stop existing Run or Debug sessions before launching.
12:45:58 INFO  : Processor reset is completed for microblaze_0
12:46:34 INFO  : microblaze_0 Processor is in use. Please stop existing Run or Debug sessions before launching.
12:46:35 INFO  : Processor reset is completed for microblaze_0
12:46:42 INFO  : Processor reset is completed for microblaze_0
12:48:26 INFO  : microblaze_0 Processor is in use. Please stop existing Run or Debug sessions before launching.
12:48:27 INFO  : Processor reset is completed for microblaze_0
12:48:38 INFO  : microblaze_0 Processor is in use. Please stop existing Run or Debug sessions before launching.
12:48:40 INFO  : Processor reset is completed for microblaze_0
12:49:10 INFO  : microblaze_0 Processor is in use. Please stop existing Run or Debug sessions before launching.
12:49:11 INFO  : Processor reset is completed for microblaze_0
12:49:17 INFO  : microblaze_0 Processor is in use. Please stop existing Run or Debug sessions before launching.
12:49:19 INFO  : Processor reset is completed for microblaze_0
12:51:36 INFO  : microblaze_0 Processor is in use. Please stop existing Run or Debug sessions before launching.
12:51:37 INFO  : Processor reset is completed for microblaze_0
12:53:18 INFO  : microblaze_0 Processor is in use. Please stop existing Run or Debug sessions before launching.
12:53:20 INFO  : Processor reset is completed for microblaze_0
12:53:27 INFO  : Processor reset is completed for microblaze_0
12:56:46 INFO  : microblaze_0 Processor is in use. Please stop existing Run or Debug sessions before launching.
12:56:48 INFO  : Processor reset is completed for microblaze_0
12:59:07 INFO  : microblaze_0 Processor is in use. Please stop existing Run or Debug sessions before launching.
12:59:08 INFO  : Processor reset is completed for microblaze_0
12:59:55 INFO  : microblaze_0 Processor is in use. Please stop existing Run or Debug sessions before launching.
12:59:56 INFO  : Processor reset is completed for microblaze_0
13:11:25 INFO  : microblaze_0 Processor is in use. Please stop existing Run or Debug sessions before launching.
13:11:27 INFO  : Processor reset is completed for microblaze_0
13:23:34 INFO  : microblaze_0 Processor is in use. Please stop existing Run or Debug sessions before launching.
13:23:35 INFO  : Processor reset is completed for microblaze_0
13:39:48 INFO  : microblaze_0 Processor is in use. Please stop existing Run or Debug sessions before launching.
13:39:49 INFO  : Processor reset is completed for microblaze_0
13:41:58 ERROR : Unexpected error while launching program.
java.lang.RuntimeException: The program file specified in the launch configuration does not exist
	at com.xilinx.sdk.debug.core.XilinxAppLaunchConfigurationDelegate.runApplication(XilinxAppLaunchConfigurationDelegate.java:580)
	at com.xilinx.sdk.debug.core.XilinxAppLaunchConfigurationDelegate.launch(XilinxAppLaunchConfigurationDelegate.java:309)
	at com.xilinx.sdk.debug.ui.XilinxAppLaunchDelegateWrapper.launch(XilinxAppLaunchDelegateWrapper.java:31)
	at org.eclipse.debug.internal.core.LaunchConfiguration.launch(LaunchConfiguration.java:885)
	at org.eclipse.debug.internal.core.LaunchConfiguration.launch(LaunchConfiguration.java:739)
	at org.eclipse.debug.internal.ui.DebugUIPlugin.buildAndLaunch(DebugUIPlugin.java:1039)
	at org.eclipse.debug.internal.ui.DebugUIPlugin$8.run(DebugUIPlugin.java:1256)
	at org.eclipse.core.internal.jobs.Worker.run(Worker.java:55)
13:42:29 INFO  : Connected to target on host '127.0.0.1' and port '3121'.
13:42:29 INFO  : 'targets -set -filter {jtag_cable_name =~ "Digilent Nexys4 210274592019A" && level==0} -index 0' command is executed.
13:42:31 INFO  : FPGA configured successfully with bitstream "C:/Users/su3003sv-s/EDI610_project_workspace/mcu_wrapper_hw_platform_0/download.bit"
13:43:32 ERROR : Unexpected error while parsing XMD response ?: com.google.gson.JsonSyntaxException: com.google.gson.stream.MalformedJsonException: invalid number or unquoted string near 
13:43:45 INFO  : Launching XSDB server: xsdb.bat -interactive C:\Users\su3003sv-s\EDI610_project_workspace\temp_xsdb_launch_script.tcl
13:43:48 INFO  : XSDB server has started successfully.
13:44:04 INFO  : Processor reset is completed for microblaze_0
13:45:13 INFO  : microblaze_0 Processor is in use. Please stop existing Run or Debug sessions before launching.
13:45:14 INFO  : Processor reset is completed for microblaze_0
13:46:16 INFO  : microblaze_0 Processor is in use. Please stop existing Run or Debug sessions before launching.
13:46:18 INFO  : Processor reset is completed for microblaze_0
13:50:13 INFO  : microblaze_0 Processor is in use. Please stop existing Run or Debug sessions before launching.
13:50:14 INFO  : Processor reset is completed for microblaze_0
13:52:37 INFO  : microblaze_0 Processor is in use. Please stop existing Run or Debug sessions before launching.
13:52:38 INFO  : Processor reset is completed for microblaze_0
13:52:48 INFO  : Processor reset is completed for microblaze_0
13:54:23 INFO  : microblaze_0 Processor is in use. Please stop existing Run or Debug sessions before launching.
13:54:24 INFO  : Processor reset is completed for microblaze_0
13:57:58 INFO  : microblaze_0 Processor is in use. Please stop existing Run or Debug sessions before launching.
13:57:59 INFO  : Processor reset is completed for microblaze_0
13:58:08 INFO  : microblaze_0 Processor is in use. Please stop existing Run or Debug sessions before launching.
13:58:10 INFO  : Processor reset is completed for microblaze_0
13:59:18 INFO  : microblaze_0 Processor is in use. Please stop existing Run or Debug sessions before launching.
13:59:20 INFO  : Processor reset is completed for microblaze_0
14:02:36 INFO  : microblaze_0 Processor is in use. Please stop existing Run or Debug sessions before launching.
14:02:37 INFO  : Processor reset is completed for microblaze_0
14:02:44 INFO  : microblaze_0 Processor is in use. Please stop existing Run or Debug sessions before launching.
14:02:45 INFO  : Processor reset is completed for microblaze_0
14:03:16 INFO  : microblaze_0 Processor is in use. Please stop existing Run or Debug sessions before launching.
14:03:17 INFO  : Processor reset is completed for microblaze_0
14:03:22 INFO  : microblaze_0 Processor is in use. Please stop existing Run or Debug sessions before launching.
14:03:23 INFO  : Processor reset is completed for microblaze_0
14:03:54 INFO  : microblaze_0 Processor is in use. Please stop existing Run or Debug sessions before launching.
14:03:55 INFO  : Processor reset is completed for microblaze_0
14:06:09 INFO  : microblaze_0 Processor is in use. Please stop existing Run or Debug sessions before launching.
14:06:11 INFO  : Processor reset is completed for microblaze_0
14:07:05 INFO  : microblaze_0 Processor is in use. Please stop existing Run or Debug sessions before launching.
14:07:06 INFO  : Processor reset is completed for microblaze_0
14:09:27 INFO  : microblaze_0 Processor is in use. Please stop existing Run or Debug sessions before launching.
14:09:28 INFO  : Processor reset is completed for microblaze_0
14:10:43 INFO  : microblaze_0 Processor is in use. Please stop existing Run or Debug sessions before launching.
14:10:45 INFO  : Processor reset is completed for microblaze_0
14:14:05 INFO  : microblaze_0 Processor is in use. Please stop existing Run or Debug sessions before launching.
14:14:06 INFO  : Processor reset is completed for microblaze_0
14:14:23 INFO  : microblaze_0 Processor is in use. Please stop existing Run or Debug sessions before launching.
14:14:24 INFO  : Processor reset is completed for microblaze_0
14:15:40 INFO  : microblaze_0 Processor is in use. Please stop existing Run or Debug sessions before launching.
14:15:41 INFO  : Processor reset is completed for microblaze_0
14:16:30 INFO  : microblaze_0 Processor is in use. Please stop existing Run or Debug sessions before launching.
14:16:31 INFO  : Processor reset is completed for microblaze_0
14:17:48 INFO  : Processor reset is completed for microblaze_0
14:20:11 INFO  : microblaze_0 Processor is in use. Please stop existing Run or Debug sessions before launching.
14:20:12 INFO  : Processor reset is completed for microblaze_0
14:20:27 INFO  : microblaze_0 Processor is in use. Please stop existing Run or Debug sessions before launching.
14:20:28 INFO  : Processor reset is completed for microblaze_0
14:20:40 INFO  : microblaze_0 Processor is in use. Please stop existing Run or Debug sessions before launching.
14:20:41 INFO  : Processor reset is completed for microblaze_0
14:20:48 INFO  : microblaze_0 Processor is in use. Please stop existing Run or Debug sessions before launching.
14:20:49 INFO  : Processor reset is completed for microblaze_0
14:21:15 INFO  : microblaze_0 Processor is in use. Please stop existing Run or Debug sessions before launching.
14:21:16 INFO  : Processor reset is completed for microblaze_0
14:23:17 INFO  : microblaze_0 Processor is in use. Please stop existing Run or Debug sessions before launching.
14:23:18 INFO  : Processor reset is completed for microblaze_0
14:27:04 INFO  : microblaze_0 Processor is in use. Please stop existing Run or Debug sessions before launching.
14:27:05 INFO  : Processor reset is completed for microblaze_0
14:29:00 INFO  : microblaze_0 Processor is in use. Please stop existing Run or Debug sessions before launching.
14:29:01 INFO  : Processor reset is completed for microblaze_0
14:31:19 INFO  : microblaze_0 Processor is in use. Please stop existing Run or Debug sessions before launching.
14:31:20 INFO  : Processor reset is completed for microblaze_0
14:33:28 INFO  : microblaze_0 Processor is in use. Please stop existing Run or Debug sessions before launching.
14:33:29 INFO  : Processor reset is completed for microblaze_0
14:33:58 ERROR : Unexpected error while launching program.
java.lang.RuntimeException: Error stopping at main.
	at com.xilinx.sdk.debug.core.XilinxAppLaunchConfigurationDelegate.debugApplication(XilinxAppLaunchConfigurationDelegate.java:806)
	at com.xilinx.sdk.debug.core.XilinxAppLaunchConfigurationDelegate.launch(XilinxAppLaunchConfigurationDelegate.java:311)
	at com.xilinx.sdk.debug.ui.XilinxAppLaunchDelegateWrapper.launch(XilinxAppLaunchDelegateWrapper.java:31)
	at org.eclipse.debug.internal.core.LaunchConfiguration.launch(LaunchConfiguration.java:885)
	at org.eclipse.debug.internal.core.LaunchConfiguration.launch(LaunchConfiguration.java:739)
	at org.eclipse.debug.internal.ui.DebugUIPlugin.buildAndLaunch(DebugUIPlugin.java:1039)
	at org.eclipse.debug.internal.ui.DebugUIPlugin$8.run(DebugUIPlugin.java:1256)
	at org.eclipse.core.internal.jobs.Worker.run(Worker.java:55)
14:35:14 INFO  : Processor reset is completed for microblaze_0
14:38:29 INFO  : microblaze_0 Processor is in use. Please stop existing Run or Debug sessions before launching.
14:38:30 INFO  : Processor reset is completed for microblaze_0
14:38:47 ERROR : Unexpected error while launching program.
java.lang.RuntimeException: Error stopping at main.
	at com.xilinx.sdk.debug.core.XilinxAppLaunchConfigurationDelegate.debugApplication(XilinxAppLaunchConfigurationDelegate.java:806)
	at com.xilinx.sdk.debug.core.XilinxAppLaunchConfigurationDelegate.launch(XilinxAppLaunchConfigurationDelegate.java:311)
	at com.xilinx.sdk.debug.ui.XilinxAppLaunchDelegateWrapper.launch(XilinxAppLaunchDelegateWrapper.java:31)
	at org.eclipse.debug.internal.core.LaunchConfiguration.launch(LaunchConfiguration.java:885)
	at org.eclipse.debug.internal.core.LaunchConfiguration.launch(LaunchConfiguration.java:739)
	at org.eclipse.debug.internal.ui.DebugUIPlugin.buildAndLaunch(DebugUIPlugin.java:1039)
	at org.eclipse.debug.internal.ui.DebugUIPlugin$8.run(DebugUIPlugin.java:1256)
	at org.eclipse.core.internal.jobs.Worker.run(Worker.java:55)
14:38:55 INFO  : Processor reset is completed for microblaze_0
14:39:39 ERROR : Unexpected error while launching program.
java.lang.RuntimeException: Error stopping at main.
	at com.xilinx.sdk.debug.core.XilinxAppLaunchConfigurationDelegate.debugApplication(XilinxAppLaunchConfigurationDelegate.java:806)
	at com.xilinx.sdk.debug.core.XilinxAppLaunchConfigurationDelegate.launch(XilinxAppLaunchConfigurationDelegate.java:311)
	at com.xilinx.sdk.debug.ui.XilinxAppLaunchDelegateWrapper.launch(XilinxAppLaunchDelegateWrapper.java:31)
	at org.eclipse.debug.internal.core.LaunchConfiguration.launch(LaunchConfiguration.java:885)
	at org.eclipse.debug.internal.core.LaunchConfiguration.launch(LaunchConfiguration.java:739)
	at org.eclipse.debug.internal.ui.DebugUIPlugin.buildAndLaunch(DebugUIPlugin.java:1039)
	at org.eclipse.debug.internal.ui.DebugUIPlugin$8.run(DebugUIPlugin.java:1256)
	at org.eclipse.core.internal.jobs.Worker.run(Worker.java:55)
14:39:47 INFO  : Processor reset is completed for microblaze_0
14:42:16 INFO  : microblaze_0 Processor is in use. Please stop existing Run or Debug sessions before launching.
14:42:30 INFO  : microblaze_0 Processor is in use. Please stop existing Run or Debug sessions before launching.
14:42:31 INFO  : Processor reset is completed for microblaze_0
14:43:27 INFO  : microblaze_0 Processor is in use. Please stop existing Run or Debug sessions before launching.
14:43:28 INFO  : Processor reset is completed for microblaze_0
14:43:41 INFO  : microblaze_0 Processor is in use. Please stop existing Run or Debug sessions before launching.
14:43:42 INFO  : Processor reset is completed for microblaze_0
14:44:04 INFO  : microblaze_0 Processor is in use. Please stop existing Run or Debug sessions before launching.
14:44:06 INFO  : Processor reset is completed for microblaze_0
14:45:12 INFO  : microblaze_0 Processor is in use. Please stop existing Run or Debug sessions before launching.
14:45:14 INFO  : Processor reset is completed for microblaze_0
14:45:38 INFO  : microblaze_0 Processor is in use. Please stop existing Run or Debug sessions before launching.
14:45:40 INFO  : Processor reset is completed for microblaze_0
14:48:18 INFO  : microblaze_0 Processor is in use. Please stop existing Run or Debug sessions before launching.
14:48:19 INFO  : Processor reset is completed for microblaze_0
14:49:12 INFO  : microblaze_0 Processor is in use. Please stop existing Run or Debug sessions before launching.
14:49:13 INFO  : Processor reset is completed for microblaze_0
14:51:33 INFO  : microblaze_0 Processor is in use. Please stop existing Run or Debug sessions before launching.
14:51:34 INFO  : Processor reset is completed for microblaze_0
14:52:21 INFO  : microblaze_0 Processor is in use. Please stop existing Run or Debug sessions before launching.
14:52:22 INFO  : Processor reset is completed for microblaze_0
14:52:46 INFO  : microblaze_0 Processor is in use. Please stop existing Run or Debug sessions before launching.
14:52:49 INFO  : Processor reset is completed for microblaze_0
14:53:35 INFO  : microblaze_0 Processor is in use. Please stop existing Run or Debug sessions before launching.
14:53:37 INFO  : Processor reset is completed for microblaze_0
14:54:27 INFO  : microblaze_0 Processor is in use. Please stop existing Run or Debug sessions before launching.
14:54:38 INFO  : microblaze_0 Processor is in use. Please stop existing Run or Debug sessions before launching.
14:54:38 INFO  : Processor reset is completed for microblaze_0
14:55:15 INFO  : microblaze_0 Processor is in use. Please stop existing Run or Debug sessions before launching.
14:55:17 INFO  : Processor reset is completed for microblaze_0
14:55:42 INFO  : microblaze_0 Processor is in use. Please stop existing Run or Debug sessions before launching.
14:55:43 INFO  : Processor reset is completed for microblaze_0
14:55:56 INFO  : microblaze_0 Processor is in use. Please stop existing Run or Debug sessions before launching.
14:55:57 INFO  : Processor reset is completed for microblaze_0
14:56:28 INFO  : microblaze_0 Processor is in use. Please stop existing Run or Debug sessions before launching.
14:56:29 INFO  : Processor reset is completed for microblaze_0
14:57:45 INFO  : microblaze_0 Processor is in use. Please stop existing Run or Debug sessions before launching.
14:57:47 INFO  : Processor reset is completed for microblaze_0
14:58:33 INFO  : microblaze_0 Processor is in use. Please stop existing Run or Debug sessions before launching.
14:58:34 INFO  : Processor reset is completed for microblaze_0
14:58:52 INFO  : microblaze_0 Processor is in use. Please stop existing Run or Debug sessions before launching.
14:58:53 INFO  : Processor reset is completed for microblaze_0
15:00:11 INFO  : microblaze_0 Processor is in use. Please stop existing Run or Debug sessions before launching.
15:00:26 INFO  : microblaze_0 Processor is in use. Please stop existing Run or Debug sessions before launching.
15:00:27 INFO  : Processor reset is completed for microblaze_0
15:02:58 INFO  : microblaze_0 Processor is in use. Please stop existing Run or Debug sessions before launching.
15:03:00 INFO  : Processor reset is completed for microblaze_0
15:04:08 INFO  : microblaze_0 Processor is in use. Please stop existing Run or Debug sessions before launching.
15:04:09 INFO  : Processor reset is completed for microblaze_0
15:08:23 INFO  : microblaze_0 Processor is in use. Please stop existing Run or Debug sessions before launching.
15:08:24 INFO  : Processor reset is completed for microblaze_0
15:08:32 INFO  : microblaze_0 Processor is in use. Please stop existing Run or Debug sessions before launching.
15:08:33 INFO  : Processor reset is completed for microblaze_0
15:09:31 INFO  : microblaze_0 Processor is in use. Please stop existing Run or Debug sessions before launching.
15:09:33 INFO  : Processor reset is completed for microblaze_0
15:16:15 INFO  : microblaze_0 Processor is in use. Please stop existing Run or Debug sessions before launching.
15:16:16 INFO  : Processor reset is completed for microblaze_0
15:20:55 INFO  : microblaze_0 Processor is in use. Please stop existing Run or Debug sessions before launching.
15:20:56 INFO  : Processor reset is completed for microblaze_0
15:21:44 INFO  : microblaze_0 Processor is in use. Please stop existing Run or Debug sessions before launching.
15:21:45 INFO  : Processor reset is completed for microblaze_0
15:27:55 INFO  : microblaze_0 Processor is in use. Please stop existing Run or Debug sessions before launching.
15:27:58 INFO  : Processor reset is completed for microblaze_0
15:30:05 INFO  : microblaze_0 Processor is in use. Please stop existing Run or Debug sessions before launching.
15:30:08 INFO  : Processor reset is completed for microblaze_0
15:33:57 INFO  : microblaze_0 Processor is in use. Please stop existing Run or Debug sessions before launching.
15:33:59 INFO  : Processor reset is completed for microblaze_0
15:34:24 INFO  : microblaze_0 Processor is in use. Please stop existing Run or Debug sessions before launching.
15:34:27 INFO  : Processor reset is completed for microblaze_0
15:35:11 INFO  : microblaze_0 Processor is in use. Please stop existing Run or Debug sessions before launching.
15:35:14 INFO  : Processor reset is completed for microblaze_0
15:35:32 INFO  : microblaze_0 Processor is in use. Please stop existing Run or Debug sessions before launching.
15:35:34 INFO  : Processor reset is completed for microblaze_0
15:36:07 INFO  : microblaze_0 Processor is in use. Please stop existing Run or Debug sessions before launching.
15:36:09 INFO  : Processor reset is completed for microblaze_0
15:39:33 INFO  : microblaze_0 Processor is in use. Please stop existing Run or Debug sessions before launching.
15:39:36 INFO  : Processor reset is completed for microblaze_0
15:46:37 INFO  : microblaze_0 Processor is in use. Please stop existing Run or Debug sessions before launching.
15:46:38 INFO  : Processor reset is completed for microblaze_0
15:46:46 INFO  : microblaze_0 Processor is in use. Please stop existing Run or Debug sessions before launching.
15:46:47 INFO  : Processor reset is completed for microblaze_0
15:47:37 INFO  : microblaze_0 Processor is in use. Please stop existing Run or Debug sessions before launching.
15:47:38 INFO  : Processor reset is completed for microblaze_0
15:48:56 INFO  : microblaze_0 Processor is in use. Please stop existing Run or Debug sessions before launching.
15:48:57 INFO  : Processor reset is completed for microblaze_0
15:49:06 INFO  : Processor reset is completed for microblaze_0
15:49:43 INFO  : microblaze_0 Processor is in use. Please stop existing Run or Debug sessions before launching.
15:49:44 INFO  : Processor reset is completed for microblaze_0
15:51:39 INFO  : microblaze_0 Processor is in use. Please stop existing Run or Debug sessions before launching.
15:51:41 INFO  : Processor reset is completed for microblaze_0
15:53:00 INFO  : microblaze_0 Processor is in use. Please stop existing Run or Debug sessions before launching.
15:53:01 INFO  : Processor reset is completed for microblaze_0
15:54:48 INFO  : microblaze_0 Processor is in use. Please stop existing Run or Debug sessions before launching.
15:54:50 INFO  : Processor reset is completed for microblaze_0
15:55:01 INFO  : microblaze_0 Processor is in use. Please stop existing Run or Debug sessions before launching.
15:55:02 INFO  : Processor reset is completed for microblaze_0
15:55:17 INFO  : microblaze_0 Processor is in use. Please stop existing Run or Debug sessions before launching.
15:55:18 INFO  : Processor reset is completed for microblaze_0
16:00:13 INFO  : microblaze_0 Processor is in use. Please stop existing Run or Debug sessions before launching.
16:00:14 INFO  : Processor reset is completed for microblaze_0
16:02:38 INFO  : microblaze_0 Processor is in use. Please stop existing Run or Debug sessions before launching.
16:02:40 INFO  : Processor reset is completed for microblaze_0
16:06:30 INFO  : microblaze_0 Processor is in use. Please stop existing Run or Debug sessions before launching.
16:06:32 INFO  : Processor reset is completed for microblaze_0
16:06:40 INFO  : microblaze_0 Processor is in use. Please stop existing Run or Debug sessions before launching.
16:06:41 INFO  : Processor reset is completed for microblaze_0
16:08:23 INFO  : microblaze_0 Processor is in use. Please stop existing Run or Debug sessions before launching.
16:08:24 INFO  : Processor reset is completed for microblaze_0
16:08:32 INFO  : microblaze_0 Processor is in use. Please stop existing Run or Debug sessions before launching.
16:08:33 INFO  : Processor reset is completed for microblaze_0
16:09:31 INFO  : microblaze_0 Processor is in use. Please stop existing Run or Debug sessions before launching.
16:09:33 INFO  : Processor reset is completed for microblaze_0
16:10:01 INFO  : microblaze_0 Processor is in use. Please stop existing Run or Debug sessions before launching.
16:10:02 INFO  : Processor reset is completed for microblaze_0
16:10:36 INFO  : microblaze_0 Processor is in use. Please stop existing Run or Debug sessions before launching.
16:10:37 INFO  : Processor reset is completed for microblaze_0
16:12:07 INFO  : microblaze_0 Processor is in use. Please stop existing Run or Debug sessions before launching.
16:12:08 INFO  : Processor reset is completed for microblaze_0
16:16:02 INFO  : microblaze_0 Processor is in use. Please stop existing Run or Debug sessions before launching.
16:16:07 INFO  : Processor reset is completed for microblaze_0
16:17:08 INFO  : microblaze_0 Processor is in use. Please stop existing Run or Debug sessions before launching.
16:17:10 INFO  : Processor reset is completed for microblaze_0
16:17:59 INFO  : microblaze_0 Processor is in use. Please stop existing Run or Debug sessions before launching.
16:18:01 INFO  : Processor reset is completed for microblaze_0
16:18:09 INFO  : microblaze_0 Processor is in use. Please stop existing Run or Debug sessions before launching.
16:18:11 INFO  : Processor reset is completed for microblaze_0
16:19:27 INFO  : microblaze_0 Processor is in use. Please stop existing Run or Debug sessions before launching.
16:19:28 INFO  : Processor reset is completed for microblaze_0
16:19:59 INFO  : microblaze_0 Processor is in use. Please stop existing Run or Debug sessions before launching.
16:20:00 INFO  : Processor reset is completed for microblaze_0
16:22:14 ERROR : Unexpected error while parsing XMD response ?: com.google.gson.JsonSyntaxException: com.google.gson.stream.MalformedJsonException: invalid number or unquoted string near 
10:56:36 INFO  : Launching XSDB server: xsdb.bat -interactive C:\Users\su3003sv-s\EDI610_project_workspace\temp_xsdb_launch_script.tcl
10:56:41 INFO  : XSDB server has started successfully.
10:57:31 INFO  : Connected to target on host '127.0.0.1' and port '3121'.
10:57:36 INFO  : 'targets -set -filter {jtag_cable_name =~ "Digilent Nexys4 210274592277A" && level==0} -index 0' command is executed.
10:57:39 INFO  : FPGA configured successfully with bitstream "C:/Users/su3003sv-s/EDI610_project_workspace/mcu_wrapper_hw_platform_0/download.bit"
10:57:53 INFO  : Processor reset is completed for microblaze_0
11:10:34 ERROR : Unexpected error while parsing XMD response ?: com.google.gson.JsonSyntaxException: com.google.gson.stream.MalformedJsonException: invalid number or unquoted string near 
11:14:26 INFO  : Launching XSDB server: xsdb.bat -interactive C:\Users\su3003sv-s\EDI610_project_workspace\temp_xsdb_launch_script.tcl
11:14:28 INFO  : XSDB server has started successfully.
11:15:16 INFO  : Processor reset is completed for microblaze_0
11:24:20 INFO  : microblaze_0 Processor is in use. Please stop existing Run or Debug sessions before launching.
11:24:21 INFO  : Processor reset is completed for microblaze_0
11:25:00 INFO  : microblaze_0 Processor is in use. Please stop existing Run or Debug sessions before launching.
11:25:02 INFO  : Processor reset is completed for microblaze_0
11:25:11 INFO  : Processor reset is completed for microblaze_0
11:25:13 INFO  : microblaze_0 Processor is in use. Please stop existing Run or Debug sessions before launching.
11:25:15 INFO  : Processor reset is completed for microblaze_0
11:52:17 INFO  : microblaze_0 Processor is in use. Please stop existing Run or Debug sessions before launching.
11:52:18 INFO  : Processor reset is completed for microblaze_0
11:52:23 INFO  : microblaze_0 Processor is in use. Please stop existing Run or Debug sessions before launching.
11:52:24 INFO  : Processor reset is completed for microblaze_0
11:52:44 INFO  : microblaze_0 Processor is in use. Please stop existing Run or Debug sessions before launching.
11:52:46 INFO  : Processor reset is completed for microblaze_0
11:53:00 INFO  : microblaze_0 Processor is in use. Please stop existing Run or Debug sessions before launching.
11:53:01 INFO  : Processor reset is completed for microblaze_0
11:54:08 INFO  : microblaze_0 Processor is in use. Please stop existing Run or Debug sessions before launching.
11:54:10 INFO  : Processor reset is completed for microblaze_0
11:54:47 INFO  : microblaze_0 Processor is in use. Please stop existing Run or Debug sessions before launching.
11:54:48 INFO  : Processor reset is completed for microblaze_0
11:55:15 INFO  : microblaze_0 Processor is in use. Please stop existing Run or Debug sessions before launching.
11:55:17 INFO  : Processor reset is completed for microblaze_0
12:03:46 INFO  : microblaze_0 Processor is in use. Please stop existing Run or Debug sessions before launching.
12:03:48 INFO  : Processor reset is completed for microblaze_0
12:03:56 INFO  : microblaze_0 Processor is in use. Please stop existing Run or Debug sessions before launching.
12:03:57 INFO  : Processor reset is completed for microblaze_0
12:04:52 INFO  : microblaze_0 Processor is in use. Please stop existing Run or Debug sessions before launching.
12:04:53 INFO  : Processor reset is completed for microblaze_0
12:05:02 INFO  : microblaze_0 Processor is in use. Please stop existing Run or Debug sessions before launching.
12:05:04 INFO  : Processor reset is completed for microblaze_0
12:05:37 INFO  : microblaze_0 Processor is in use. Please stop existing Run or Debug sessions before launching.
12:05:39 INFO  : Processor reset is completed for microblaze_0
12:05:52 INFO  : microblaze_0 Processor is in use. Please stop existing Run or Debug sessions before launching.
12:05:54 INFO  : Processor reset is completed for microblaze_0
12:06:50 INFO  : microblaze_0 Processor is in use. Please stop existing Run or Debug sessions before launching.
12:06:52 INFO  : Processor reset is completed for microblaze_0
12:07:06 INFO  : microblaze_0 Processor is in use. Please stop existing Run or Debug sessions before launching.
12:07:08 INFO  : Processor reset is completed for microblaze_0
12:07:27 INFO  : microblaze_0 Processor is in use. Please stop existing Run or Debug sessions before launching.
12:07:29 INFO  : Processor reset is completed for microblaze_0
12:07:36 INFO  : microblaze_0 Processor is in use. Please stop existing Run or Debug sessions before launching.
12:07:37 INFO  : Processor reset is completed for microblaze_0
12:08:51 INFO  : microblaze_0 Processor is in use. Please stop existing Run or Debug sessions before launching.
12:08:52 INFO  : Processor reset is completed for microblaze_0
12:09:10 INFO  : microblaze_0 Processor is in use. Please stop existing Run or Debug sessions before launching.
12:09:12 INFO  : Processor reset is completed for microblaze_0
12:09:23 INFO  : microblaze_0 Processor is in use. Please stop existing Run or Debug sessions before launching.
12:09:25 INFO  : Processor reset is completed for microblaze_0
12:10:02 INFO  : microblaze_0 Processor is in use. Please stop existing Run or Debug sessions before launching.
12:10:04 INFO  : Processor reset is completed for microblaze_0
12:11:08 INFO  : microblaze_0 Processor is in use. Please stop existing Run or Debug sessions before launching.
12:11:10 INFO  : Processor reset is completed for microblaze_0
12:12:23 INFO  : microblaze_0 Processor is in use. Please stop existing Run or Debug sessions before launching.
12:12:25 INFO  : Processor reset is completed for microblaze_0
12:13:29 INFO  : microblaze_0 Processor is in use. Please stop existing Run or Debug sessions before launching.
12:13:30 INFO  : Processor reset is completed for microblaze_0
12:14:36 INFO  : microblaze_0 Processor is in use. Please stop existing Run or Debug sessions before launching.
12:14:45 INFO  : microblaze_0 Processor is in use. Please stop existing Run or Debug sessions before launching.
12:14:46 INFO  : Processor reset is completed for microblaze_0
12:15:13 INFO  : microblaze_0 Processor is in use. Please stop existing Run or Debug sessions before launching.
12:15:15 INFO  : Processor reset is completed for microblaze_0
12:15:28 INFO  : microblaze_0 Processor is in use. Please stop existing Run or Debug sessions before launching.
12:15:29 INFO  : Processor reset is completed for microblaze_0
12:15:43 INFO  : microblaze_0 Processor is in use. Please stop existing Run or Debug sessions before launching.
12:15:44 INFO  : Processor reset is completed for microblaze_0
12:16:13 INFO  : microblaze_0 Processor is in use. Please stop existing Run or Debug sessions before launching.
12:16:15 INFO  : Processor reset is completed for microblaze_0
12:17:05 INFO  : microblaze_0 Processor is in use. Please stop existing Run or Debug sessions before launching.
12:17:06 INFO  : Processor reset is completed for microblaze_0
12:17:23 INFO  : microblaze_0 Processor is in use. Please stop existing Run or Debug sessions before launching.
12:17:26 INFO  : Processor reset is completed for microblaze_0
12:17:41 INFO  : microblaze_0 Processor is in use. Please stop existing Run or Debug sessions before launching.
12:17:43 INFO  : Processor reset is completed for microblaze_0
12:17:53 INFO  : microblaze_0 Processor is in use. Please stop existing Run or Debug sessions before launching.
12:17:55 INFO  : Processor reset is completed for microblaze_0
12:19:27 INFO  : microblaze_0 Processor is in use. Please stop existing Run or Debug sessions before launching.
12:19:29 INFO  : Processor reset is completed for microblaze_0
12:19:40 INFO  : microblaze_0 Processor is in use. Please stop existing Run or Debug sessions before launching.
12:19:42 INFO  : Processor reset is completed for microblaze_0
12:24:26 INFO  : microblaze_0 Processor is in use. Please stop existing Run or Debug sessions before launching.
12:24:27 INFO  : Processor reset is completed for microblaze_0
12:24:32 INFO  : microblaze_0 Processor is in use. Please stop existing Run or Debug sessions before launching.
12:24:34 INFO  : Processor reset is completed for microblaze_0
12:24:55 INFO  : microblaze_0 Processor is in use. Please stop existing Run or Debug sessions before launching.
12:24:57 INFO  : Processor reset is completed for microblaze_0
12:26:07 INFO  : microblaze_0 Processor is in use. Please stop existing Run or Debug sessions before launching.
12:26:09 INFO  : Processor reset is completed for microblaze_0
12:26:22 INFO  : microblaze_0 Processor is in use. Please stop existing Run or Debug sessions before launching.
12:26:23 INFO  : Processor reset is completed for microblaze_0
12:26:36 INFO  : microblaze_0 Processor is in use. Please stop existing Run or Debug sessions before launching.
12:26:38 INFO  : Processor reset is completed for microblaze_0
12:27:02 INFO  : microblaze_0 Processor is in use. Please stop existing Run or Debug sessions before launching.
12:27:04 INFO  : Processor reset is completed for microblaze_0
12:27:25 INFO  : microblaze_0 Processor is in use. Please stop existing Run or Debug sessions before launching.
12:27:26 INFO  : Processor reset is completed for microblaze_0
12:27:58 INFO  : microblaze_0 Processor is in use. Please stop existing Run or Debug sessions before launching.
12:27:59 INFO  : Processor reset is completed for microblaze_0
12:28:14 INFO  : microblaze_0 Processor is in use. Please stop existing Run or Debug sessions before launching.
12:28:16 INFO  : Processor reset is completed for microblaze_0
12:28:29 INFO  : microblaze_0 Processor is in use. Please stop existing Run or Debug sessions before launching.
12:28:30 INFO  : Processor reset is completed for microblaze_0
12:28:43 INFO  : microblaze_0 Processor is in use. Please stop existing Run or Debug sessions before launching.
12:28:45 INFO  : Processor reset is completed for microblaze_0
12:29:23 INFO  : microblaze_0 Processor is in use. Please stop existing Run or Debug sessions before launching.
12:29:24 INFO  : Processor reset is completed for microblaze_0
12:29:57 INFO  : microblaze_0 Processor is in use. Please stop existing Run or Debug sessions before launching.
12:29:58 INFO  : Processor reset is completed for microblaze_0
12:30:38 INFO  : microblaze_0 Processor is in use. Please stop existing Run or Debug sessions before launching.
12:30:39 INFO  : Processor reset is completed for microblaze_0
12:31:49 INFO  : microblaze_0 Processor is in use. Please stop existing Run or Debug sessions before launching.
12:31:50 INFO  : Processor reset is completed for microblaze_0
12:32:08 INFO  : microblaze_0 Processor is in use. Please stop existing Run or Debug sessions before launching.
12:32:12 INFO  : Processor reset is completed for microblaze_0
12:33:56 INFO  : microblaze_0 Processor is in use. Please stop existing Run or Debug sessions before launching.
12:33:58 INFO  : Processor reset is completed for microblaze_0
12:34:05 INFO  : microblaze_0 Processor is in use. Please stop existing Run or Debug sessions before launching.
12:34:06 INFO  : Processor reset is completed for microblaze_0
12:34:29 INFO  : microblaze_0 Processor is in use. Please stop existing Run or Debug sessions before launching.
12:34:30 INFO  : Processor reset is completed for microblaze_0
12:34:42 INFO  : microblaze_0 Processor is in use. Please stop existing Run or Debug sessions before launching.
12:34:43 INFO  : Processor reset is completed for microblaze_0
12:35:05 INFO  : microblaze_0 Processor is in use. Please stop existing Run or Debug sessions before launching.
12:35:07 INFO  : Processor reset is completed for microblaze_0
12:35:27 INFO  : microblaze_0 Processor is in use. Please stop existing Run or Debug sessions before launching.
12:35:29 INFO  : Processor reset is completed for microblaze_0
12:40:21 INFO  : microblaze_0 Processor is in use. Please stop existing Run or Debug sessions before launching.
12:41:09 INFO  : microblaze_0 Processor is in use. Please stop existing Run or Debug sessions before launching.
12:41:11 INFO  : Processor reset is completed for microblaze_0
12:41:23 INFO  : microblaze_0 Processor is in use. Please stop existing Run or Debug sessions before launching.
12:41:24 INFO  : Processor reset is completed for microblaze_0
12:42:16 INFO  : microblaze_0 Processor is in use. Please stop existing Run or Debug sessions before launching.
12:42:18 INFO  : Processor reset is completed for microblaze_0
12:42:32 INFO  : microblaze_0 Processor is in use. Please stop existing Run or Debug sessions before launching.
12:42:33 INFO  : Processor reset is completed for microblaze_0
12:42:50 INFO  : microblaze_0 Processor is in use. Please stop existing Run or Debug sessions before launching.
12:42:52 INFO  : Processor reset is completed for microblaze_0
12:44:59 INFO  : microblaze_0 Processor is in use. Please stop existing Run or Debug sessions before launching.
12:45:01 INFO  : Processor reset is completed for microblaze_0
12:45:42 INFO  : microblaze_0 Processor is in use. Please stop existing Run or Debug sessions before launching.
12:45:44 INFO  : Processor reset is completed for microblaze_0
12:46:45 INFO  : microblaze_0 Processor is in use. Please stop existing Run or Debug sessions before launching.
12:46:46 INFO  : Processor reset is completed for microblaze_0
12:47:13 INFO  : microblaze_0 Processor is in use. Please stop existing Run or Debug sessions before launching.
12:47:14 INFO  : Processor reset is completed for microblaze_0
12:47:29 INFO  : microblaze_0 Processor is in use. Please stop existing Run or Debug sessions before launching.
12:47:32 INFO  : Processor reset is completed for microblaze_0
12:47:54 INFO  : microblaze_0 Processor is in use. Please stop existing Run or Debug sessions before launching.
12:47:55 INFO  : Processor reset is completed for microblaze_0
12:48:07 INFO  : microblaze_0 Processor is in use. Please stop existing Run or Debug sessions before launching.
12:48:08 INFO  : Processor reset is completed for microblaze_0
12:48:21 INFO  : microblaze_0 Processor is in use. Please stop existing Run or Debug sessions before launching.
12:48:24 INFO  : Processor reset is completed for microblaze_0
12:49:53 INFO  : microblaze_0 Processor is in use. Please stop existing Run or Debug sessions before launching.
12:49:54 INFO  : Processor reset is completed for microblaze_0
12:57:30 INFO  : microblaze_0 Processor is in use. Please stop existing Run or Debug sessions before launching.
12:57:32 INFO  : Processor reset is completed for microblaze_0
12:57:39 INFO  : microblaze_0 Processor is in use. Please stop existing Run or Debug sessions before launching.
12:57:40 INFO  : Processor reset is completed for microblaze_0
12:58:38 INFO  : microblaze_0 Processor is in use. Please stop existing Run or Debug sessions before launching.
12:58:39 INFO  : Processor reset is completed for microblaze_0
12:58:44 INFO  : microblaze_0 Processor is in use. Please stop existing Run or Debug sessions before launching.
12:58:45 INFO  : Processor reset is completed for microblaze_0
13:00:49 INFO  : microblaze_0 Processor is in use. Please stop existing Run or Debug sessions before launching.
13:00:50 INFO  : Processor reset is completed for microblaze_0
13:03:01 INFO  : microblaze_0 Processor is in use. Please stop existing Run or Debug sessions before launching.
13:03:03 INFO  : Processor reset is completed for microblaze_0
13:03:09 INFO  : microblaze_0 Processor is in use. Please stop existing Run or Debug sessions before launching.
13:03:10 INFO  : Processor reset is completed for microblaze_0
13:06:05 INFO  : microblaze_0 Processor is in use. Please stop existing Run or Debug sessions before launching.
13:06:06 INFO  : Processor reset is completed for microblaze_0
13:06:38 INFO  : microblaze_0 Processor is in use. Please stop existing Run or Debug sessions before launching.
13:06:39 INFO  : Processor reset is completed for microblaze_0
13:07:20 INFO  : microblaze_0 Processor is in use. Please stop existing Run or Debug sessions before launching.
13:07:22 INFO  : Processor reset is completed for microblaze_0
13:08:35 INFO  : microblaze_0 Processor is in use. Please stop existing Run or Debug sessions before launching.
13:08:37 INFO  : Processor reset is completed for microblaze_0
13:11:15 INFO  : microblaze_0 Processor is in use. Please stop existing Run or Debug sessions before launching.
13:11:17 INFO  : Processor reset is completed for microblaze_0
13:11:43 INFO  : Processor reset is completed for microblaze_0
13:14:43 INFO  : microblaze_0 Processor is in use. Please stop existing Run or Debug sessions before launching.
13:14:44 INFO  : Processor reset is completed for microblaze_0
13:15:35 INFO  : Processor reset is completed for microblaze_0
13:16:00 INFO  : microblaze_0 Processor is in use. Please stop existing Run or Debug sessions before launching.
13:16:01 INFO  : Processor reset is completed for microblaze_0
13:17:03 INFO  : microblaze_0 Processor is in use. Please stop existing Run or Debug sessions before launching.
13:17:07 INFO  : Processor reset is completed for microblaze_0
13:19:50 INFO  : microblaze_0 Processor is in use. Please stop existing Run or Debug sessions before launching.
13:19:51 INFO  : Processor reset is completed for microblaze_0
13:22:07 INFO  : microblaze_0 Processor is in use. Please stop existing Run or Debug sessions before launching.
13:22:29 INFO  : microblaze_0 Processor is in use. Please stop existing Run or Debug sessions before launching.
13:22:31 INFO  : Processor reset is completed for microblaze_0
13:22:38 INFO  : microblaze_0 Processor is in use. Please stop existing Run or Debug sessions before launching.
13:22:39 INFO  : Processor reset is completed for microblaze_0
13:23:37 INFO  : microblaze_0 Processor is in use. Please stop existing Run or Debug sessions before launching.
13:23:38 INFO  : Processor reset is completed for microblaze_0
13:23:54 INFO  : microblaze_0 Processor is in use. Please stop existing Run or Debug sessions before launching.
13:23:55 INFO  : Processor reset is completed for microblaze_0
13:30:31 INFO  : microblaze_0 Processor is in use. Please stop existing Run or Debug sessions before launching.
13:30:32 INFO  : Processor reset is completed for microblaze_0
13:32:33 ERROR : Unexpected error while parsing XMD response ?: com.google.gson.JsonSyntaxException: com.google.gson.stream.MalformedJsonException: invalid number or unquoted string near 
